** Message: 04:17:11.646: environement.vala:58: Exporting primary_variable
** Message: 04:17:11.646: environement.vala:59: desktop_environnement XDG_CURRENT_DESKTOP
** Message: 04:17:11.646: environement.vala:150: confir_dirs is null, export : /etc/xdg
** Message: 04:17:11.646: environement.vala:184: Exporting XDG_CONFIG_DIRS
** Message: 04:17:11.646: environement.vala:218: custom_data :
** Message: 04:17:11.646: environement.vala:219: data_dirs :/usr/share/fkms:/usr/local/share:/usr/share/raspi-ui-overrides:/usr/share:/usr/share/gdm:/var/lib/menu-xdg
** Message: 04:17:11.646: environement.vala:220: data_dirs not null, export : /usr/share/fkms:/usr/local/share:/usr/share/raspi-ui-overrides:/usr/share:/usr/share/gdm:/var/lib/menu-xdg
** Message: 04:17:11.647: environement.vala:225: Exporting XDG_DATA_DIRS
** Message: 04:17:11.647: utils.vala:138: Config system location : /etc/xdg/lxsession/LXDE-pi
** Message: 04:17:11.647: utils.vala:144: System system path location : /etc/xdg/lxsession/LXDE-pi/desktop.conf
** Message: 04:17:11.648: utils.vala:148: Final file used : /etc/xdg/lxsession/LXDE-pi/desktop.conf
** Message: 04:17:11.648: utils.vala:39: Config system location : /etc/xdg/lxsession/LXDE-pi
** Message: 04:17:11.648: utils.vala:45: System system path location : /etc/xdg/lxsession/LXDE-pi/desktop.conf

** (lxsession:694): WARNING **: 04:17:11.649: utils.vala:70: そのようなファイルやディレクトリはありません
** Message: 04:17:11.649: settings.vala:540: Key file does not have key “iGtk/ColorScheme” in group “GTK”
** Message: 04:17:11.649: settings.vala:540: Key file does not have key “windows_manager/command” in group “Session”
** Message: 04:17:11.649: settings.vala:540: Key file does not have key “panel/command” in group “Session”
** Message: 04:17:11.649: settings.vala:540: Key file does not have key “dock/command” in group “Session”
** Message: 04:17:11.649: settings.vala:540: Key file does not have key “file_manager/command” in group “Session”
** Message: 04:17:11.649: settings.vala:540: Key file does not have key “desktop_manager/command” in group “Session”
** Message: 04:17:11.649: settings.vala:540: Key file does not have key “launcher_manager/autostart” in group “Session”
** Message: 04:17:11.649: settings.vala:540: Key file does not have key “composite_manager/command” in group “Session”
** Message: 04:17:11.649: settings.vala:540: Key file does not have key “im1/command” in group “Session”
** Message: 04:17:11.649: settings.vala:540: Key file does not have key “im2/command” in group “Session”
** Message: 04:17:11.649: settings.vala:540: Key file does not have key “widget1/command” in group “Session”
** Message: 04:17:11.649: settings.vala:540: Key file does not have key “notification/command” in group “Session”
** Message: 04:17:11.650: settings.vala:540: Key file does not have key “keybindings/command” in group “Session”
** Message: 04:17:11.650: settings.vala:540: Key file does not have key “im_manager/command” in group “Session”
** Message: 04:17:11.650: settings.vala:540: Key file does not have key “screensaver/command” in group “Session”
** Message: 04:17:11.650: settings.vala:540: Key file does not have key “power_manager/command” in group “Session”
** Message: 04:17:11.650: settings.vala:540: Key file does not have key “audio_manager/command” in group “Session”
** Message: 04:17:11.650: settings.vala:540: Key file does not have key “workspace_manager/command” in group “Session”
** Message: 04:17:11.650: settings.vala:540: Key file does not have key “screenshot_manager/command” in group “Session”
** Message: 04:17:11.650: settings.vala:540: Key file does not have key “message_manager/command” in group “Session”
** Message: 04:17:11.650: settings.vala:540: Key file does not have key “upgrade_manager/command” in group “Session”
** Message: 04:17:11.650: settings.vala:540: Key file does not have key “updates_manager/command” in group “Session”
** Message: 04:17:11.650: settings.vala:540: Key file does not have key “updates_manager/timeout” in group “Session”
** Message: 04:17:11.650: settings.vala:540: Key file does not have key “crash_manager/command” in group “Session”
** Message: 04:17:11.650: settings.vala:540: Key file does not have key “crash_manager/dev_mode” in group “Session”
** Message: 04:17:11.650: settings.vala:540: Key file does not have key “crash_manager/timeout” in group “Session”
** Message: 04:17:11.650: settings.vala:540: Key file does not have key “upstart_user_session” in group “Session”
** Message: 04:17:11.650: settings.vala:540: Key file does not have key “proxy_manager/http” in group “Session”
** Message: 04:17:11.650: settings.vala:540: Key file does not have key “a11y/command” in group “Session”
** Message: 04:17:11.651: settings.vala:540: Key file does not have key “xrandr/command” in group “Session”
** Message: 04:17:11.651: settings.vala:540: Key file does not have key “network_gui/command” in group “Session”
** Message: 04:17:11.651: settings.vala:540: Key file does not have key “webbrowser/command” in group “Session”
** Message: 04:17:11.651: settings.vala:540: Key file does not have key “email/command” in group “Session”
** Message: 04:17:11.651: settings.vala:540: Key file does not have key “pdf_reader/command” in group “Session”
** Message: 04:17:11.651: settings.vala:540: Key file does not have key “video_player/command” in group “Session”
** Message: 04:17:11.651: settings.vala:540: Key file does not have key “audio_player/command” in group “Session”
** Message: 04:17:11.651: settings.vala:540: Key file does not have key “images_display/command” in group “Session”
** Message: 04:17:11.651: settings.vala:540: Key file does not have key “text_editor/command” in group “Session”
** Message: 04:17:11.651: settings.vala:540: Key file does not have key “archive/command” in group “Session”
** Message: 04:17:11.651: settings.vala:540: Key file does not have key “charmap/command” in group “Session”
** Message: 04:17:11.651: settings.vala:540: Key file does not have key “calculator/command” in group “Session”
** Message: 04:17:11.651: settings.vala:540: Key file does not have key “spreadsheet/command” in group “Session”
** Message: 04:17:11.651: settings.vala:540: Key file does not have key “bittorent/command” in group “Session”
** Message: 04:17:11.651: settings.vala:540: Key file does not have key “document/command” in group “Session”
** Message: 04:17:11.651: settings.vala:540: Key file does not have key “webcam/command” in group “Session”
** Message: 04:17:11.651: settings.vala:540: Key file does not have key “burn/command” in group “Session”
** Message: 04:17:11.651: settings.vala:540: Key file does not have key “notes/command” in group “Session”
** Message: 04:17:11.651: settings.vala:540: Key file does not have key “disk_utility/command” in group “Session”
** Message: 04:17:11.651: settings.vala:540: Key file does not have key “tasks/command” in group “Session”
** Message: 04:17:11.651: settings.vala:540: Key file does not have group “Keymap”
** Message: 04:17:11.652: settings.vala:540: Key file does not have key “laptop_mode” in group “State”
** Message: 04:17:11.652: settings.vala:540: Key file does not have key “gnome” in group “Dbus”
** Message: 04:17:11.652: settings.vala:540: Key file does not have key “type” in group “Environment”
** Message: 04:17:11.652: settings.vala:540: Key file does not have key “ubuntu_menuproxy” in group “Environment”
** Message: 04:17:11.652: settings.vala:540: Key file does not have key “toolkit_integration” in group “Environment”
** Message: 04:17:11.652: settings.vala:540: Key file does not have key “gtk/overlay_scrollbar_disable” in group “Environment”
** Message: 04:17:11.652: settings.vala:540: Key file does not have key “qt/force_theme” in group “Environment”
** Message: 04:17:11.652: settings.vala:540: Key file does not have key “qt/platform” in group “Environment”
** Message: 04:17:11.652: settings.vala:462: Monitoring: /etc/xdg/lxsession/LXDE-pi/desktop.conf
** Message: 04:17:11.652: settings.vala:470: Desktop file is not in config home, monitoring creation of it
** Message: 04:17:11.653: settings.vala:485: Monitoring home path: /home/pi/.config/lxsession/LXDE-pi/desktop.conf
** Message: 04:17:11.653: environement.vala:79: Exporting variable
** Message: 04:17:11.653: environement.vala:80: desktop_environnement XDG_CURRENT_DESKTOP
** Message: 04:17:11.653: environement.vala:177: custom_config :
** Message: 04:17:11.653: environement.vala:178: config_dirs :/etc/xdg
** Message: 04:17:11.653: environement.vala:179: confir_dirs not null, export : /etc/xdg
** Message: 04:17:11.653: environement.vala:184: Exporting XDG_CONFIG_DIRS
** Message: 04:17:11.653: environement.vala:218: custom_data :
** Message: 04:17:11.653: environement.vala:219: data_dirs :/usr/share/fkms:/usr/local/share:/usr/share/raspi-ui-overrides:/usr/share:/usr/share/gdm:/var/lib/menu-xdg
** Message: 04:17:11.653: environement.vala:220: data_dirs not null, export : /usr/share/fkms:/usr/local/share:/usr/share/raspi-ui-overrides:/usr/share:/usr/share/gdm:/var/lib/menu-xdg
** Message: 04:17:11.653: environement.vala:225: Exporting XDG_DATA_DIRS
** Message: 04:17:11.653: utils.vala:39: Config system location : /etc/xdg/lxsession/LXDE-pi
** Message: 04:17:11.653: utils.vala:45: System system path location : /etc/xdg/lxsession/LXDE-pi/desktop.conf

** (lxsession:694): WARNING **: 04:17:11.653: utils.vala:70: そのようなファイルやディレクトリはありません
** Message: 04:17:11.653: environement.vala:254: No entry in [Environment_variable]. Key file does not have group “Environment_variable”
** Message: 04:17:11.658: utils.vala:138: Config system location : /etc/xdg/lxsession/LXDE-pi
** Message: 04:17:11.658: utils.vala:144: System system path location : /etc/xdg/lxsession/LXDE-pi/conffiles.conf
** Message: 04:17:11.658: utils.vala:148: Final file used : /etc/xdg/lxsession/LXDE-pi/conffiles.conf
** Message: 04:17:11.659: options.vala:164: Activate xsettings_manager build-in
** Message: 04:17:11.659: utils.vala:39: Config system location : /etc/xdg/lxsession/LXDE-pi
** Message: 04:17:11.659: utils.vala:45: System system path location : /etc/xdg/lxsession/LXDE-pi/desktop.conf

** (lxsession:694): WARNING **: 04:17:11.659: utils.vala:70: そのようなファイルやディレクトリはありません
xprop:  no such property "_NET_NUMBER_OF_DESKTOPS"
xprop:  no such property "_NET_DESKTOP_NAMES"
** Message: 04:17:11.727: app.vala:721: polkit separate
** Message: 04:17:11.727: app.vala:721: polkit separate
** Message: 04:17:11.733: app.vala:76: Launching lxpolkit 
** Message: 04:17:11.733: utils.vala:138: Config system location : /etc/xdg/lxsession/LXDE-pi
** Message: 04:17:11.733: utils.vala:144: System system path location : /etc/xdg/lxsession/LXDE-pi/autostart
** Message: 04:17:11.733: utils.vala:148: Final file used : /etc/xdg/lxsession/LXDE-pi/autostart
** Message: 04:17:11.733: autostart.vala:42: Autostart path : /etc/xdg/lxsession/LXDE-pi/autostart
** Message: 04:17:11.748: app.vala:76: Launching lxpanel 
** Message: 04:17:11.762: app.vala:76: Launching pcmanfm 

** (lxsession:694): WARNING **: 04:17:11.776: app.vala:86: Failed to execute child process “xscreensaver” (そのようなファイルやディレクトリはありません)

** (lxsession:694): WARNING **: 04:17:11.777: app.vala:87: Error when launching xscreensaver
** Message: 04:17:11.784: options.vala:107: Create build-in Clipboard
** Message: 04:17:11.786: main.vala:441: Check keymap_mode (null)
** Message: 04:17:11.791: app.vala:76: Launching /usr/bin/ssh-agent 
SSH_AUTH_SOCK=/tmp/ssh-j1Rke5he6VvL/agent.765; export SSH_AUTH_SOCK;
SSH_AGENT_PID=767; export SSH_AGENT_PID;
echo Agent pid 767;
** Message: 04:17:11.970: app.vala:130: /usr/bin/ssh-agent exit with this type of exit: 0
** Message: 04:17:12.074: x-terminal-emulator has very limited support, consider choose another terminal
** Message: 04:17:12.074: x-terminal-emulator has very limited support, consider choose another terminal
Openbox-Message: 正当なメニューファイル"/usr/share/lxde/openbox/menu.xml"を見つけることができません。
** Message: 04:17:14.023: Connecting ...
** Message: 04:17:14.024: Status changed to down
Unit pt-device-manager.service could not be found.

** (lxpanel:760): WARNING **: 04:17:14.183: Battery 0 not found

(lxpanel:760): Gtk-CRITICAL **: 04:17:14.612: IA__gtk_image_set_from_pixbuf: assertion 'GTK_IS_IMAGE (image)' failed
** Message: 04:17:15.026: Status changed to opened
** Message: 04:17:15.026: Connected to dhcpcd-8.1.2
** Message: 04:17:15.027: Status changed to connecting
** Message: 04:17:15.027: eth0: Link is up, configuring
** Message: 04:17:15.027: wlan0: Associated with +00000_5f20c0
** Message: 04:17:15.029: wlan0: WPA status connected
** Message: 04:17:15.029: wlan0: Received scan results
** Message: 04:17:15.458: eth0: Configured 192.168.150.21/24
** Message: 04:17:15.458: Status changed to connected
** Message: 04:17:18.222: wlan0: Configured 192.168.150.200/24
** Message: 04:17:38.456: eth0: Link is down
** Message: 23:17:23.685: eth0: Link is up, configuring
** Message: 23:17:28.330: eth0: Configured 192.168.150.21/24
** Message: 23:17:47.524: wlan0: Received scan results
** Message: 23:18:47.530: wlan0: Received scan results
** Message: 23:19:47.524: wlan0: Received scan results
** Message: 23:20:47.530: wlan0: Received scan results
** Message: 23:21:47.542: wlan0: Received scan results
** Message: 23:22:47.522: wlan0: Received scan results
** Message: 23:23:47.521: wlan0: Received scan results
** Message: 23:24:47.516: wlan0: Received scan results
** Message: 23:25:47.522: wlan0: Received scan results
** Message: 23:26:47.521: wlan0: Received scan results
** Message: 23:27:11.463: eth0: Link is down
** Message: 23:27:38.315: eth0: Link is up, configuring
** Message: 23:27:43.395: eth0: Configured 192.168.150.21/24
** Message: 23:27:47.527: wlan0: Received scan results
** Message: 23:28:47.542: wlan0: Received scan results
** Message: 23:29:47.531: wlan0: Received scan results
** Message: 23:30:47.531: wlan0: Received scan results
** Message: 23:31:47.539: wlan0: Received scan results
INFO    thonny: Thonny version: 3.3.5
** Message: 23:32:47.573: wlan0: Received scan results
** Message: 23:33:47.537: wlan0: Received scan results
** Message: 23:34:47.539: wlan0: Received scan results
** Message: 23:35:47.535: wlan0: Received scan results
** Message: 23:36:47.544: wlan0: Received scan results
** Message: 23:37:47.534: wlan0: Received scan results
** Message: 23:38:47.530: wlan0: Received scan results
** Message: 23:39:47.532: wlan0: Received scan results
** Message: 23:40:47.539: wlan0: Received scan results
** Message: 23:41:47.539: wlan0: Received scan results
